Arguments: 
  D:\nodejs\node.exe C:\Users\user\AppData\Roaming\npm\node_modules\yarn\bin\yarn.js

PATH: 
  C:\Python311\Scripts\;C:\Python311\;C:\Windows\system32;C:\Windows;C:\Windows\System32\Wbem;C:\Windows\System32\WindowsPowerShell\v1.0\;C:\Windows\System32\OpenSSH\;C:\Users\user\Documents\GitHub\Git\cmd;C:\ProgramData\chocolatey\bin;D:\app;C:\Program Files\nodejs;D:\nodejs\;C:\Users\user\AppData\Local\Microsoft\WindowsApps;C:\Users\user\AppData\Local\Programs\Microsoft VS Code\bin;C:\Users\user\AppData\Local\GitHubDesktop\bin;D:\app;C:\Program Files\nodejs;C:\Users\user\AppData\Roaming\npm;D:\heroku\bin

Yarn version: 
  1.22.19

Node version: 
  18.14.2

Platform: 
  win32 x64

Trace: 
  Error: https://registry.yarnpkg.com/openzeppelin%2fcontracts: Request "https://registry.yarnpkg.com/openzeppelin%2fcontracts" returned a 405
      at params.callback [as _callback] (C:\Users\user\AppData\Roaming\npm\node_modules\yarn\lib\cli.js:66154:18)
      at self.callback (C:\Users\user\AppData\Roaming\npm\node_modules\yarn\lib\cli.js:140890:22)
      at Request.emit (node:events:513:28)
      at Request.<anonymous> (C:\Users\user\AppData\Roaming\npm\node_modules\yarn\lib\cli.js:141862:10)
      at Request.emit (node:events:513:28)
      at IncomingMessage.<anonymous> (C:\Users\user\AppData\Roaming\npm\node_modules\yarn\lib\cli.js:141784:12)
      at Object.onceWrapper (node:events:627:28)
      at IncomingMessage.emit (node:events:525:35)
      at endReadableNT (node:internal/streams/readable:1359:12)
      at process.processTicksAndRejections (node:internal/process/task_queues:82:21)

npm manifest: 
  {
    "name": "sample-contracts",
    "version": "1.0.0",
    "main": "index.js",
    "repository": "https://github.com/Magnific86/sample-contracts.git",
    "license": "MIT",
    "dependencies": {
      "openzeppelin/contracts": "^4.6.0"
    }
  }

yarn manifest: 
  No manifest

Lockfile: 
  # THIS IS AN AUTOGENERATED FILE. DO NOT EDIT THIS FILE DIRECTLY.
  # yarn lockfile v1
  
  
  openzeppelin-contracts@^4.0.0:
    version "4.0.0"
    resolved "https://registry.yarnpkg.com/openzeppelin-contracts/-/openzeppelin-contracts-4.0.0.tgz#3b56ae3c5f6a59eaca2eacf935e3ebc18a59cd78"
    integrity sha512-SlBeiWSJKhX9EY2Nlgev4P/LMBWWSk6wL+eqikAe9gODpxrQwLOx4Rw3vyHuJaChrUTlGyR4Gl1NqJMw0J15eQ==
